<?xml version="1.0" encoding="UTF-8"?>
<!-- Generated by org.testng.reporters.JUnitReportReporter -->
<testsuite hostname="DESKTOP-1MUCPAJ" failures="0" tests="1" name="com.api.API_tc5" time="0.774" errors="0" timestamp="2021-02-17T17:00:38 GMT-05:00" skipped="0">
  <testcase classname="com.api.API_tc5" name="Proj" time="0.774"/>
  <system-out/>
</testsuite> <!-- com.api.API_tc5 -->
