<?xml version="1.0" encoding="UTF-8"?>
<!-- Generated by org.testng.reporters.JUnitReportReporter -->
<testsuite hostname="DESKTOP-1MUCPAJ" failures="0" tests="1" name="com.api.API_tc7" time="2.691" errors="0" timestamp="2021-02-07T13:38:15 GMT-05:00" skipped="0">
  <testcase classname="com.api.API_tc7" name="Proj" time="2.691"/>
  <system-out/>
</testsuite> <!-- com.api.API_tc7 -->
